Build started 01/23/15 21:45:33.
     1>Project "C:\Users\Ryan\Source\Repos\GremlinGames\Trunk\Source\Utilities\OSG_SVN\OSG_10297_VS_2008\src\osgText\osgText.vcxproj" on node 2 (Build target(s)).
     1>Building with tools version "12.0".
     1>Target "_CheckForInvalidConfigurationAndPlatform" in file "C:\Program Files (x86)\MSBuild\12.0\bin\Microsoft.Common.CurrentVersion.targets" from project "C:\Users\Ryan\Source\Repos\GremlinGames\Trunk\Source\Utilities\OSG_SVN\OSG_10297_VS_2008\src\osgText\osgText.vcxproj" (entry point):
       Task "Error" skipped, due to false condition; ( '$(_InvalidConfigurationError)' == 'true' ) was evaluated as ( '' == 'true' ).
       Task "Warning" skipped, due to false condition; ( '$(_InvalidConfigurationWarning)' == 'true' ) was evaluated as ( '' == 'true' ).
       Task "Message"
         Configuration=Debug
       Done executing task "Message".
       Task "Message"
         Platform=Win32
       Done executing task "Message".
       Task "Error" skipped, due to false condition; ('$(OutDir)' != '' and !HasTrailingSlash('$(OutDir)')) was evaluated as ('Debug\' != '' and !HasTrailingSlash('Debug\')).
       Task "Error" skipped, due to false condition; ('$(BaseIntermediateOutputPath)' != '' and !HasTrailingSlash('$(BaseIntermediateOutputPath)')) was evaluated as ('obj\' != '' and !HasTrailingSlash('obj\')).
       Task "Error" skipped, due to false condition; ('$(IntermediateOutputPath)' != '' and !HasTrailingSlash('$(IntermediateOutputPath)')) was evaluated as ('osgText.dir\Debug\' != '' and !HasTrailingSlash('osgText.dir\Debug\')).
     1>Done building target "_CheckForInvalidConfigurationAndPlatform" in project "osgText.vcxproj".
     1>Target "_PrepareForBuild" in file "C:\Program Files (x86)\MSBuild\Microsoft.Cpp\v4.0\V120\Microsoft.BuildSteps.Targets" from project "C:\Users\Ryan\Source\Repos\GremlinGames\Trunk\Source\Utilities\OSG_SVN\OSG_10297_VS_2008\src\osgText\osgText.vcxproj" (target "Build" depends on it):
       Task "CreateItem" skipped, due to false condition; ('%(CustomBuild.IncludeFileToTool)'!='') was evaluated as (''!='').
     1>Done building target "_PrepareForBuild" in project "osgText.vcxproj".
     1>Target "_PrepareForReferenceResolution" in file "C:\Program Files (x86)\MSBuild\Microsoft.Cpp\v4.0\V120\Microsoft.CppBuild.targets" from project "C:\Users\Ryan\Source\Repos\GremlinGames\Trunk\Source\Utilities\OSG_SVN\OSG_10297_VS_2008\src\osgText\osgText.vcxproj" (target "ResolveReferences" depends on it):
       Task "Message" skipped, due to false condition; ('$(_REFERENCE_DEBUG)'=='true') was evaluated as (''=='true').
     1>Done building target "_PrepareForReferenceResolution" in project "osgText.vcxproj".
       Target "ComputeCrtSDKReference" skipped, due to false condition; ('@(ClCompile)'!='' and '$(WindowsAppContainer)'=='true' and '$(UseCrtSDKReference)' != 'false') was evaluated as (''!='' and 'false'=='true' and '' != 'false').
     1>Target "BeforeResolveReferences" in file "C:\Program Files (x86)\MSBuild\12.0\bin\Microsoft.Common.CurrentVersion.targets" from project "C:\Users\Ryan\Source\Repos\GremlinGames\Trunk\Source\Utilities\OSG_SVN\OSG_10297_VS_2008\src\osgText\osgText.vcxproj" (target "ResolveReferences" depends on it):
     1>Done building target "BeforeResolveReferences" in project "osgText.vcxproj".
     1>Target "AssignProjectConfiguration" in file "C:\Program Files (x86)\MSBuild\12.0\bin\Microsoft.Common.CurrentVersion.targets" from project "C:\Users\Ryan\Source\Repos\GremlinGames\Trunk\Source\Utilities\OSG_SVN\OSG_10297_VS_2008\src\osgText\osgText.vcxproj" (target "ResolveReferences" depends on it):
       Task "AssignProjectConfiguration"
         Project reference "..\..\ZERO_CHECK.vcxproj" has been assigned the "Debug|Win32" configuration.
         Project reference "..\OpenThreads\win32\OpenThreads.vcxproj" has been assigned the "Debug|Win32" configuration.
         Project reference "..\osgDB\osgDB.vcxproj" has been assigned the "Debug|Win32" configuration.
         Project reference "..\osg\osg.vcxproj" has been assigned the "Debug|Win32" configuration.
       Done executing task "AssignProjectConfiguration".
     1>Done building target "AssignProjectConfiguration" in project "osgText.vcxproj".
       Target "AssignProjectConfiguration" skipped. Previously built successfully.
     1>Target "_SplitProjectReferencesByFileExistence" in file "C:\Program Files (x86)\MSBuild\12.0\bin\Microsoft.Common.CurrentVersion.targets" from project "C:\Users\Ryan\Source\Repos\GremlinGames\Trunk\Source\Utilities\OSG_SVN\OSG_10297_VS_2008\src\osgText\osgText.vcxproj" (target "ResolveProjectReferences" depends on it):
       Task "ResolveNonMSBuildProjectOutput"
         Resolving project reference "..\..\ZERO_CHECK.vcxproj".
         Project reference "..\..\ZERO_CHECK.vcxproj" has not been resolved.
         Resolving project reference "..\OpenThreads\win32\OpenThreads.vcxproj".
         Project reference "..\OpenThreads\win32\OpenThreads.vcxproj" has not been resolved.
         Resolving project reference "..\osgDB\osgDB.vcxproj".
         Project reference "..\osgDB\osgDB.vcxproj" has not been resolved.
         Resolving project reference "..\osg\osg.vcxproj".
         Project reference "..\osg\osg.vcxproj" has not been resolved.
       Done executing task "ResolveNonMSBuildProjectOutput".
     1>Done building target "_SplitProjectReferencesByFileExistence" in project "osgText.vcxproj".
     1>Target "_RemoveNameMetadataFromProjectReferenceItems" in file "C:\Program Files (x86)\MSBuild\Microsoft.Cpp\v4.0\V120\Microsoft.CppBuild.targets" from project "C:\Users\Ryan\Source\Repos\GremlinGames\Trunk\Source\Utilities\OSG_SVN\OSG_10297_VS_2008\src\osgText\osgText.vcxproj" (target "ResolveProjectReferences" depends on it):
     1>Done building target "_RemoveNameMetadataFromProjectReferenceItems" in project "osgText.vcxproj".
     1>Target "ResolveProjectReferences" in file "C:\Program Files (x86)\MSBuild\12.0\bin\Microsoft.Common.CurrentVersion.targets" from project "C:\Users\Ryan\Source\Repos\GremlinGames\Trunk\Source\Utilities\OSG_SVN\OSG_10297_VS_2008\src\osgText\osgText.vcxproj" (target "ResolveReferences" depends on it):
       Task "MSBuild"
         Global Properties:
           Configuration=Debug
           Platform=Win32
     1>Project "C:\Users\Ryan\Source\Repos\GremlinGames\Trunk\Source\Utilities\OSG_SVN\OSG_10297_VS_2008\src\osgText\osgText.vcxproj" (1) is building "C:\Users\Ryan\Source\Repos\GremlinGames\Trunk\Source\Utilities\OSG_SVN\OSG_10297_VS_2008\ZERO_CHECK.vcxproj" (2) on node 2 (GetTargetPath target(s)).
     2>Building with tools version "12.0".
       Target "_CheckForInvalidConfigurationAndPlatform" skipped. Previously built successfully.
       Target "GetTargetPath" skipped. Previously built successfully.
     2>Done Building Project "C:\Users\Ryan\Source\Repos\GremlinGames\Trunk\Source\Utilities\OSG_SVN\OSG_10297_VS_2008\ZERO_CHECK.vcxproj" (GetTargetPath target(s)).
     1>Project "C:\Users\Ryan\Source\Repos\GremlinGames\Trunk\Source\Utilities\OSG_SVN\OSG_10297_VS_2008\src\osgText\osgText.vcxproj" (1) is building "C:\Users\Ryan\Source\Repos\GremlinGames\Trunk\Source\Utilities\OSG_SVN\OSG_10297_VS_2008\src\osg\osg.vcxproj" (3) on node 2 (GetTargetPath target(s)).
     3>Building with tools version "12.0".
       Target "_CheckForInvalidConfigurationAndPlatform" skipped. Previously built successfully.
       Target "GetTargetPath" skipped. Previously built successfully.
     3>Done Building Project "C:\Users\Ryan\Source\Repos\GremlinGames\Trunk\Source\Utilities\OSG_SVN\OSG_10297_VS_2008\src\osg\osg.vcxproj" (GetTargetPath target(s)).
     1>Project "C:\Users\Ryan\Source\Repos\GremlinGames\Trunk\Source\Utilities\OSG_SVN\OSG_10297_VS_2008\src\osgText\osgText.vcxproj" (1) is building "C:\Users\Ryan\Source\Repos\GremlinGames\Trunk\Source\Utilities\OSG_SVN\OSG_10297_VS_2008\src\OpenThreads\win32\OpenThreads.vcxproj" (4) on node 1 (GetTargetPath target(s)).
     4>Building with tools version "12.0".
       Target "_CheckForInvalidConfigurationAndPlatform" skipped. Previously built successfully.
       Target "GetTargetPath" skipped. Previously built successfully.
     4>Done Building Project "C:\Users\Ryan\Source\Repos\GremlinGames\Trunk\Source\Utilities\OSG_SVN\OSG_10297_VS_2008\src\OpenThreads\win32\OpenThreads.vcxproj" (GetTargetPath target(s)).
     1>Project "C:\Users\Ryan\Source\Repos\GremlinGames\Trunk\Source\Utilities\OSG_SVN\OSG_10297_VS_2008\src\osgText\osgText.vcxproj" (1) is building "C:\Users\Ryan\Source\Repos\GremlinGames\Trunk\Source\Utilities\OSG_SVN\OSG_10297_VS_2008\src\osgDB\osgDB.vcxproj" (5) on node 2 (GetTargetPath target(s)).
     5>Building with tools version "12.0".
       Target "_CheckForInvalidConfigurationAndPlatform" skipped. Previously built successfully.
       Target "_PrepareForReferenceResolution" skipped. Previously built successfully.
       Target "GetResolvedWinMD" skipped. Previously built successfully.
     5>Target "GetTargetPath" in file "C:\Program Files (x86)\MSBuild\Microsoft.Cpp\v4.0\V120\Microsoft.CppBuild.targets" from project "C:\Users\Ryan\Source\Repos\GremlinGames\Trunk\Source\Utilities\OSG_SVN\OSG_10297_VS_2008\src\osgDB\osgDB.vcxproj" (entry point):
     5>Done building target "GetTargetPath" in project "osgDB.vcxproj".
     5>Done Building Project "C:\Users\Ryan\Source\Repos\GremlinGames\Trunk\Source\Utilities\OSG_SVN\OSG_10297_VS_2008\src\osgDB\osgDB.vcxproj" (GetTargetPath target(s)) -- FAILED.
     1>Project "C:\Users\Ryan\Source\Repos\GremlinGames\Trunk\Source\Utilities\OSG_SVN\OSG_10297_VS_2008\src\osgText\osgText.vcxproj" (1) is building "C:\Users\Ryan\Source\Repos\GremlinGames\Trunk\Source\Utilities\OSG_SVN\OSG_10297_VS_2008\src\OpenThreads\win32\OpenThreads.vcxproj" (4:2) on node 1 (GetNativeManifest target(s)).
   4:2>Building with tools version "12.0".
       Target "_CheckForInvalidConfigurationAndPlatform" skipped. Previously built successfully.
       Target "GetNativeManifest" skipped. Previously built successfully.
   4:2>Done Building Project "C:\Users\Ryan\Source\Repos\GremlinGames\Trunk\Source\Utilities\OSG_SVN\OSG_10297_VS_2008\src\OpenThreads\win32\OpenThreads.vcxproj" (GetNativeManifest target(s)).
     1>Done executing task "MSBuild".
       Task "MSBuild" skipped, due to false condition; ('%(_MSBuildProjectReferenceExistent.BuildReference)' == 'true' and '@(ProjectReferenceWithConfiguration)' != '' and ('$(BuildingInsideVisualStudio)' == 'true' or '$(BuildProjectReferences)' != 'true') and '$(VisualStudioVersion)' == '10.0' and '@(_MSBuildProjectReferenceExistent)' != '') was evaluated as ('true' == 'true' and '..\..\ZERO_CHECK.vcxproj;..\OpenThreads\win32\OpenThreads.vcxproj;..\osgDB\osgDB.vcxproj;..\osg\osg.vcxproj' != '' and ('true' == 'true' or 'true' != 'true') and '12.0' == '10.0' and '..\..\ZERO_CHECK.vcxproj;..\OpenThreads\win32\OpenThreads.vcxproj;..\osgDB\osgDB.vcxproj;..\osg\osg.vcxproj' != '').
       Task "MSBuild" skipped, due to false condition; ('%(_MSBuildProjectReferenceExistent.BuildReference)' == 'true' and '@(ProjectReferenceWithConfiguration)' != '' and '$(BuildingInsideVisualStudio)' != 'true' and '$(BuildProjectReferences)' == 'true' and '@(_MSBuildProjectReferenceExistent)' != '') was evaluated as ('true' == 'true' and '..\..\ZERO_CHECK.vcxproj;..\OpenThreads\win32\OpenThreads.vcxproj;..\osgDB\osgDB.vcxproj;..\osg\osg.vcxproj' != '' and 'true' != 'true' and 'true' == 'true' and '..\..\ZERO_CHECK.vcxproj;..\OpenThreads\win32\OpenThreads.vcxproj;..\osgDB\osgDB.vcxproj;..\osg\osg.vcxproj' != '').
       Task "MSBuild"
         Global Properties:
           Configuration=Debug
           Platform=Win32
     1>Project "C:\Users\Ryan\Source\Repos\GremlinGames\Trunk\Source\Utilities\OSG_SVN\OSG_10297_VS_2008\src\osgText\osgText.vcxproj" (1) is building "C:\Users\Ryan\Source\Repos\GremlinGames\Trunk\Source\Utilities\OSG_SVN\OSG_10297_VS_2008\ZERO_CHECK.vcxproj" (2:2) on node 2 (GetNativeManifest target(s)).
   2:2>Building with tools version "12.0".
       Target "_CheckForInvalidConfigurationAndPlatform" skipped. Previously built successfully.
       Target "GetNativeManifest" skipped. Previously built successfully.
   2:2>Done Building Project "C:\Users\Ryan\Source\Repos\GremlinGames\Trunk\Source\Utilities\OSG_SVN\OSG_10297_VS_2008\ZERO_CHECK.vcxproj" (GetNativeManifest target(s)).
     1>Project "C:\Users\Ryan\Source\Repos\GremlinGames\Trunk\Source\Utilities\OSG_SVN\OSG_10297_VS_2008\src\osgText\osgText.vcxproj" (1) is building "C:\Users\Ryan\Source\Repos\GremlinGames\Trunk\Source\Utilities\OSG_SVN\OSG_10297_VS_2008\src\osg\osg.vcxproj" (3:2) on node 2 (GetNativeManifest target(s)).
   3:2>Building with tools version "12.0".
       Target "_CheckForInvalidConfigurationAndPlatform" skipped. Previously built successfully.
       Target "GetNativeManifest" skipped. Previously built successfully.
   3:2>Done Building Project "C:\Users\Ryan\Source\Repos\GremlinGames\Trunk\Source\Utilities\OSG_SVN\OSG_10297_VS_2008\src\osg\osg.vcxproj" (GetNativeManifest target(s)).
     1>Project "C:\Users\Ryan\Source\Repos\GremlinGames\Trunk\Source\Utilities\OSG_SVN\OSG_10297_VS_2008\src\osgText\osgText.vcxproj" (1) is building "C:\Users\Ryan\Source\Repos\GremlinGames\Trunk\Source\Utilities\OSG_SVN\OSG_10297_VS_2008\src\osgDB\osgDB.vcxproj" (5:2) on node 2 (GetNativeManifest target(s)).
   5:2>Building with tools version "12.0".
       Target "_CheckForInvalidConfigurationAndPlatform" skipped. Previously built successfully.
   5:2>Target "GetNativeManifest" in file "C:\Program Files (x86)\MSBuild\Microsoft.Cpp\v4.0\V120\Microsoft.CppCommon.targets" from project "C:\Users\Ryan\Source\Repos\GremlinGames\Trunk\Source\Utilities\OSG_SVN\OSG_10297_VS_2008\src\osgDB\osgDB.vcxproj" (entry point):
   5:2>Done building target "GetNativeManifest" in project "osgDB.vcxproj".
   5:2>Done Building Project "C:\Users\Ryan\Source\Repos\GremlinGames\Trunk\Source\Utilities\OSG_SVN\OSG_10297_VS_2008\src\osgDB\osgDB.vcxproj" (GetNativeManifest target(s)) -- FAILED.
     1>Done executing task "MSBuild".
       Task "Warning" skipped, due to false condition; ('@(ProjectReferenceWithConfiguration)' != '' and '@(_MSBuildProjectReferenceNonexistent)' != '') was evaluated as ('..\..\ZERO_CHECK.vcxproj;..\OpenThreads\win32\OpenThreads.vcxproj;..\osgDB\osgDB.vcxproj;..\osg\osg.vcxproj' != '' and '' != '').
     1>Done building target "ResolveProjectReferences" in project "osgText.vcxproj".
       Target "FindInvalidProjectReferences" skipped, due to false condition; ('$(FindInvalidProjectReferences)' == 'true') was evaluated as ('' == 'true').
       Target "ResolveNativeReferences" skipped, due to false condition; ('@(NativeReference)'!='') was evaluated as (''!='').
       Target "_PrepareForReferenceResolution" skipped. Previously built successfully.
     1>Target "GetFrameworkPaths" in file "C:\Program Files (x86)\MSBuild\12.0\bin\Microsoft.NetFramework.CurrentVersion.targets" from project "C:\Users\Ryan\Source\Repos\GremlinGames\Trunk\Source\Utilities\OSG_SVN\OSG_10297_VS_2008\src\osgText\osgText.vcxproj" (target "ResolveAssemblyReferences" depends on it):
     1>Done building target "GetFrameworkPaths" in project "osgText.vcxproj".
       Target "GetWinFXPath" skipped, due to false condition; (('@(Page)' != '' or '@(ApplicationDefinition)' != '' or '@(Resource)' != '') and ('$(GetWinFXNativePath)' != '' or '$(GetWinFXWoWPath)' != '' )) was evaluated as (('' != '' or '' != '' or '' != '') and ('' != '' or '' != '' )).
     1>Target "GetReferenceAssemblyPaths" in file "C:\Program Files (x86)\MSBuild\12.0\bin\Microsoft.Common.CurrentVersion.targets" from project "C:\Users\Ryan\Source\Repos\GremlinGames\Trunk\Source\Utilities\OSG_SVN\OSG_10297_VS_2008\src\osgText\osgText.vcxproj" (target "ResolveAssemblyReferences" depends on it):
       Task "GetReferenceAssemblyPaths" skipped, due to false condition; ('$(TargetFrameworkMoniker)' != '' and ('$(_TargetFrameworkDirectories)' == '' or '$(_FullFrameworkReferenceAssemblyPaths)' == '')) was evaluated as ('' != '' and ('C:\Program Files (x86)\Reference Assemblies\Microsoft\Framework\.NETFramework\v4.0' == '' or 'C:\Program Files (x86)\Reference Assemblies\Microsoft\Framework\.NETFramework\v4.0' == '')).
     1>Done building target "GetReferenceAssemblyPaths" in project "osgText.vcxproj".
     1>Target "SetBuildDefaultEnvironmentVariables" in file "C:\Program Files (x86)\MSBuild\Microsoft.Cpp\v4.0\V120\Microsoft.Cpp.targets" from project "C:\Users\Ryan\Source\Repos\GremlinGames\Trunk\Source\Utilities\OSG_SVN\OSG_10297_VS_2008\src\osgText\osgText.vcxproj" (target "PrepareForBuild" depends on it):
       Using "SetEnv" task from assembly "C:\Program Files (x86)\MSBuild\Microsoft.Cpp\v4.0\V120\Microsoft.Build.CppTasks.Common.dll".
       Task "SetEnv"
         PATH=C:\Program Files (x86)\Microsoft Visual Studio 12.0\VC\bin;C:\Program Files (x86)\Windows Kits\8.1\bin\x86;;C:\Program Files (x86)\Microsoft SDKs\Windows\v8.1A\bin\NETFX 4.5.1 Tools;C:\Program Files (x86)\Microsoft Visual Studio 12.0\Common7\Tools\bin;C:\Program Files (x86)\Microsoft Visual Studio 12.0\Common7\tools;C:\Program Files (x86)\Microsoft Visual Studio 12.0\Common7\ide;C:\Program Files (x86)\HTML Help Workshop;;C:\Program Files (x86)\MSBuild\12.0\bin\;C:\Windows\Microsoft.NET\Framework\v4.0.30319\;C:\Windows\SysWow64;;C:\Program Files (x86)\Microsoft Visual Studio 12.0\Common7\IDE\CommonExtensions\Microsoft\TeamFoundation\Team Explorer\NativeBinaries/x86;C:\Program Files (x86)\NVIDIA Corporation\PhysX\Common;C:\ProgramData\Oracle\Java\javapath;C:\Windows\system32;C:\Windows;C:\Windows\System32\Wbem;C:\Windows\System32\WindowsPowerShell\v1.0\;C:\Program Files (x86)\ATI Technologies\ATI.ACE\Core-Static;C:\Program Files (x86)\AMD\ATI.ACE\Core-Static;C:\Program Files (x86)\GNU\GnuPG\pub;C:\Program Files\Microsoft SQL Server\120\Tools\Binn\;C:\Program Files\Microsoft SQL Server\Client SDK\ODBC\110\Tools\Binn\;C:\Program Files (x86)\Microsoft SQL Server\120\Tools\Binn\;C:\Program Files\Microsoft SQL Server\120\DTS\Binn\;C:\Program Files (x86)\Microsoft SQL Server\120\Tools\Binn\ManagementStudio\;C:\Program Files (x86)\Microsoft SQL Server\120\DTS\Binn\;C:\Program Files (x86)\Windows Kits\8.1\Windows Performance Toolkit\;C:\Program Files\Microsoft SQL Server\110\Tools\Binn\;C:\Program Files\MiKTeX 2.9\miktex\bin\x64\;C:\Program Files (x86)\Microsoft SDKs\TypeScript\1.0\;C:\Program Files (x86)\Java\jdk1.7.0_55\bin;C:\Program Files (x86)\Android\android-sdk\tools;C:\Program Files (x86)\Android\android-sdk\platform-tools;C:\Program Files (x86)\Java\jdk1.7.0_55\bin;C:\Program Files (x86)\Android\android-sdk\tools;C:\Program Files (x86)\Android\android-sdk\platform-tools;C:\apache-ant-1.9.3\bin;C:\Program Files (x86)\nodejs\;C:\Program Files (x86)\Git\cmd;C:\Program Files (x86)\Microsoft SDKs\TypeScript\1.1\;C:\Program Files (x86)\GtkSharp\2.12\bin;C:\frc\bin;C:\Program Files\Microsoft\Web Platform Installer\;C:\Program Files\TortoiseSVN\bin;C:\Users\Ryan\AppData\Roaming\npm;
       Done executing task "SetEnv".
       Task "SetEnv"
         LIB=C:\Program Files (x86)\Microsoft Visual Studio 12.0\VC\lib;C:\Program Files (x86)\Microsoft Visual Studio 12.0\VC\atlmfc\lib;C:\Program Files (x86)\Windows Kits\8.1\lib\winv6.3\um\x86;;
       Done executing task "SetEnv".
       Task "SetEnv"
         LIBPATH=C:\Program Files (x86)\Microsoft Visual Studio 12.0\VC\atlmfc\lib;C:\Program Files (x86)\Microsoft Visual Studio 12.0\VC\lib;
       Done executing task "SetEnv".
       Task "SetEnv"
         INCLUDE=C:\Program Files (x86)\Microsoft Visual Studio 12.0\VC\include;C:\Program Files (x86)\Microsoft Visual Studio 12.0\VC\atlmfc\include;C:\Program Files (x86)\Windows Kits\8.1\Include\um;C:\Program Files (x86)\Windows Kits\8.1\Include\shared;C:\Program Files (x86)\Windows Kits\8.1\Include\winrt;;
       Done executing task "SetEnv".
     1>Done building target "SetBuildDefaultEnvironmentVariables" in project "osgText.vcxproj".
       Target "SetUserMacroEnvironmentVariables" skipped, due to false condition; ('@(BuildMacro)' != '') was evaluated as ('' != '').
     1>Target "GetResolvedWinMD" in file "C:\Program Files (x86)\MSBuild\Microsoft.Cpp\v4.0\V120\Microsoft.CppBuild.targets" from project "C:\Users\Ryan\Source\Repos\GremlinGames\Trunk\Source\Utilities\OSG_SVN\OSG_10297_VS_2008\src\osgText\osgText.vcxproj" (target "PrepareForBuild" depends on it):
     1>Done building target "GetResolvedWinMD" in project "osgText.vcxproj".
     1>Target "PlatformPrepareForBuild" in file "C:\Program Files (x86)\MSBuild\Microsoft.Cpp\v4.0\V120\Microsoft.Cpp.Platform.targets" from project "C:\Users\Ryan\Source\Repos\GremlinGames\Trunk\Source\Utilities\OSG_SVN\OSG_10297_VS_2008\src\osgText\osgText.vcxproj" (target "PrepareForBuild" depends on it):
       Task "VCMessage" skipped, due to false condition; ('$(_Error64bitToolsNotInstalled)' == 'true') was evaluated as ('' == 'true').
       Task "VCMessage" skipped, due to false condition; ('$(ConfigurationPlatformExists)' != 'true') was evaluated as ('true' != 'true').
       Task "VCMessage" skipped, due to false condition; ('$(ToolsetTargetsFound)' != 'true') was evaluated as ('true' != 'true').
     1>Done building target "PlatformPrepareForBuild" in project "osgText.vcxproj".
       Target "GetFrameworkPaths" skipped. Previously built successfully.
       Target "GetReferenceAssemblyPaths" skipped. Previously built successfully.
       Target "AssignLinkMetadata" skipped, due to false condition; ( '$(SynthesizeLinkMetadata)' == 'true' ) was evaluated as ( '' == 'true' ).
     1>Target "SetCABuildNativeEnvironmentVariables" in file "C:\Program Files (x86)\MSBuild\Microsoft\VisualStudio\v12.0\CodeAnalysis\Microsoft.CodeAnalysis.targets" from project "C:\Users\Ryan\Source\Repos\GremlinGames\Trunk\Source\Utilities\OSG_SVN\OSG_10297_VS_2008\src\osgText\osgText.vcxproj" (target "PrepareForBuild" depends on it):
       Initializing task factory "CodeTaskFactory" from assembly "C:\Program Files (x86)\MSBuild\12.0\bin\Microsoft.Build.Tasks.v12.0.dll".
       Using "SetEnvironmentVariable" task from the task factory "Code Task Factory".
       Task "SetEnvironmentVariable"
       Done executing task "SetEnvironmentVariable".
     1>Done building target "SetCABuildNativeEnvironmentVariables" in project "osgText.vcxproj".
     1>Target "PrepareForBuild" in file "C:\Program Files (x86)\MSBuild\Microsoft.Cpp\v4.0\V120\Microsoft.CppBuild.targets" from project "C:\Users\Ryan\Source\Repos\GremlinGames\Trunk\Source\Utilities\OSG_SVN\OSG_10297_VS_2008\src\osgText\osgText.vcxproj" (target "ResolveAssemblyReferences" depends on it):
       Task "VCMessage" skipped, due to false condition; ('$(DesignTimeBuild)' != 'true' and '$(ConfigurationPlatformExists)' != 'true') was evaluated as ('' != 'true' and 'true' != 'true').
       Task "MakeDir"
       Done executing task "MakeDir".
       Task "VCMessage" skipped, due to false condition; ('$(DesignTimeBuild)'!='true' and '$(WindowsAppContainer)'=='true' and '$(ConfigurationType)'!='Application' and '$(ConfigurationType)'!='DynamicLibrary' and '$(ConfigurationType)'!='StaticLibrary') was evaluated as (''!='true' and 'false'=='true' and 'DynamicLibrary'!='Application' and 'DynamicLibrary'!='DynamicLibrary' and 'DynamicLibrary'!='StaticLibrary').
       Task "VCMessage" skipped, due to false condition; ('$(DesignTimeBuild)'!='true' and '$(VCInstallDir)'=='' and '$(UseEnv)' != 'true' and ('$(TargetFrameworkVersion)'=='v3.5' or '$(TargetFrameworkVersion)'=='v3.0' or '$(TargetFrameworkVersion)'=='v2.0' )) was evaluated as (''!='true' and 'C:\Program Files (x86)\Microsoft Visual Studio 12.0\VC\'=='' and '' != 'true' and ('v4.0'=='v3.5' or 'v4.0'=='v3.0' or 'v4.0'=='v2.0' )).
       Task "VCMessage" skipped, due to false condition; ('$(DesignTimeBuild)'!='true' and '$(VCInstallDir)'=='' and '$(UseEnv)' != 'true' and '$(PlatformToolset)'=='v90') was evaluated as (''!='true' and 'C:\Program Files (x86)\Microsoft Visual Studio 12.0\VC\'=='' and '' != 'true' and 'v120'=='v90').
       Task "VCMessage" skipped, due to false condition; ('$(VCInstallDir)'=='' and '$(UseEnv)' != 'true') was evaluated as ('C:\Program Files (x86)\Microsoft Visual Studio 12.0\VC\'=='' and '' != 'true').
       Task "VCMessage" skipped, due to false condition; ('$(WindowsSDKDir)'=='' and '$(UseEnv)' != 'true') was evaluated as ('C:\Program Files (x86)\Windows Kits\8.1\'=='' and '' != 'true').
       Task "VCMessage" skipped, due to false condition; ('$(IntDirTrailingSlashWarning)'=='true') was evaluated as (''=='true').
       Task "VCMessage" skipped, due to false condition; ('$(OutDirTrailingSlashWarning)'=='true') was evaluated as (''=='true').
       Task "VCMessage" skipped, due to false condition; ('%(CompatibilityIssues.Identity)' != '' and '$(DesignTimeBuild)'!='true') was evaluated as ('' != '' and ''!='true').
       Task "VCMessage" skipped, due to false condition; ('$(_MBCS_Using)' == 'true' and '$(_MBCS_Installed)' != 'true' and '$(DesignTimeBuild)' != 'true') was evaluated as ('' == 'true' and '' != 'true' and '' != 'true').
       Task "VCMessage" skipped, due to false condition; ('$(IgnoreWarnIntDirSharingDetected)' != 'true' and '$(IntDirSharingDetected)' == 'true') was evaluated as ('' != 'true' and '' == 'true').
       Task "VCMessage" skipped, due to false condition; ('$(IgnoreWarnIntDirInTempDetected)' != 'true' and ('$(_IntDirFullpath.StartsWith($(Tmp), true, null))' == 'true' or '$(_IntDirFullpath.StartsWith($(Temp), true, null))' == 'true' or '$(_OutDirFullpath.StartsWith($(Tmp), true, null))' == 'true' or '$(_OutDirFullpath.StartsWith($(Temp), true, null))' == 'true')) was evaluated as ('' != 'true' and ('False' == 'true' or 'False' == 'true' or 'False' == 'true' or 'False' == 'true')).
       Task "MakeDir"
         Creating directory "Debug\".
         Creating directory "osgText.dir\Debug\osgText.tlog\".
       Done executing task "MakeDir".
     1>Done building target "PrepareForBuild" in project "osgText.vcxproj".
       Target "_PrepareForReferenceResolution" skipped. Previously built successfully.
       Target "ComputeCrtSDKReference" skipped, due to false condition; ('@(ClCompile)'!='' and '$(WindowsAppContainer)'=='true' and '$(UseCrtSDKReference)' != 'false') was evaluated as (''!='' and 'false'=='true' and '' != 'false').
     1>Target "GetInstalledSDKLocations" in file "C:\Program Files (x86)\MSBuild\12.0\bin\Microsoft.Common.CurrentVersion.targets" from project "C:\Users\Ryan\Source\Repos\GremlinGames\Trunk\Source\Utilities\OSG_SVN\OSG_10297_VS_2008\src\osgText\osgText.vcxproj" (target "ResolveSDKReferences" depends on it):
       Task "GetInstalledSDKLocations" skipped, due to false condition; ('@(SDKReference)' != '') was evaluated as ('' != '').
     1>Done building target "GetInstalledSDKLocations" in project "osgText.vcxproj".
     1>Target "ResolveSDKReferences" in file "C:\Program Files (x86)\MSBuild\12.0\bin\Microsoft.Common.CurrentVersion.targets" from project "C:\Users\Ryan\Source\Repos\GremlinGames\Trunk\Source\Utilities\OSG_SVN\OSG_10297_VS_2008\src\osgText\osgText.vcxproj" (target "ResolveAssemblyReferences" depends on it):
       Task "ResolveSDKReference" skipped, due to false condition; ('@(SDKReference)'!='') was evaluated as (''!='').
     1>Done building target "ResolveSDKReferences" in project "osgText.vcxproj".
       Target "ResolveSDKReferences" skipped. Previously built successfully.
     1>Target "ExpandSDKReferences" in file "C:\Program Files (x86)\MSBuild\12.0\bin\Microsoft.Common.CurrentVersion.targets" from project "C:\Users\Ryan\Source\Repos\GremlinGames\Trunk\Source\Utilities\OSG_SVN\OSG_10297_VS_2008\src\osgText\osgText.vcxproj" (target "ResolveAssemblyReferences" depends on it):
       Task "GetSDKReferenceFiles" skipped, due to false condition; ('@(ResolvedSDKReference)'!='') was evaluated as (''!='').
     1>Done building target "ExpandSDKReferences" in project "osgText.vcxproj".
     1>Target "ResolveAssemblyReferences" in file "C:\Program Files (x86)\MSBuild\12.0\bin\Microsoft.Common.CurrentVersion.targets" from project "C:\Users\Ryan\Source\Repos\GremlinGames\Trunk\Source\Utilities\OSG_SVN\OSG_10297_VS_2008\src\osgText\osgText.vcxproj" (target "ResolveReferences" depends on it):
       Task "ResolveAssemblyReference" skipped, due to false condition; ('@(Reference)'!='' or '@(_ResolvedProjectReferencePaths)'!='' or '@(_ExplicitReference)' != '') was evaluated as (''!='' or ''!='' or '' != '').
     1>Done building target "ResolveAssemblyReferences" in project "osgText.vcxproj".
       Target "GenerateBindingRedirects" skipped, due to false condition; ('$(AutoGenerateBindingRedirects)' == 'true' and '$(GenerateBindingRedirectsOutputType)' == 'true') was evaluated as ('' == 'true' and '' == 'true').
       Target "GenerateBindingRedirectsUpdateAppConfig" skipped, due to false condition; ('$(AutoGenerateBindingRedirects)' == 'true' and '$(GenerateBindingRedirectsOutputType)' == 'true' and Exists('$(_GenerateBindingRedirectsIntermediateAppConfig)')) was evaluated as ('' == 'true' and '' == 'true' and Exists('osgText.dir\Debug\osgText.vcxproj.osgText.dll.config')).
       Target "ResolveComReferences" skipped, due to false condition; ('@(COMReference)'!='' or '@(COMFileReference)'!='') was evaluated as (''!='' or ''!='').
     1>Target "AfterResolveReferences" in file "C:\Program Files (x86)\MSBuild\12.0\bin\Microsoft.Common.CurrentVersion.targets" from project "C:\Users\Ryan\Source\Repos\GremlinGames\Trunk\Source\Utilities\OSG_SVN\OSG_10297_VS_2008\src\osgText\osgText.vcxproj" (target "ResolveReferences" depends on it):
     1>Done building target "AfterResolveReferences" in project "osgText.vcxproj".
       Target "ImplicitlyExpandDesignTimeFacades" skipped, due to false condition; ('$(ImplicitlyExpandDesignTimeFacades)' == 'true') was evaluated as ('' == 'true').
       Target "ResolveTestReferences" skipped, due to false condition; ('@(Shadow)'!='') was evaluated as (''!='').
     1>Target "ResolveReferences" in file "C:\Program Files (x86)\MSBuild\12.0\bin\Microsoft.Common.CurrentVersion.targets" from project "C:\Users\Ryan\Source\Repos\GremlinGames\Trunk\Source\Utilities\OSG_SVN\OSG_10297_VS_2008\src\osgText\osgText.vcxproj" (target "Build" depends on it):
     1>Done building target "ResolveReferences" in project "osgText.vcxproj".
       Target "PrepareForBuild" skipped. Previously built successfully.
       Target "PrepareForBuild" skipped. Previously built successfully.
     1>Target "InitializeBuildStatus" in file "C:\Program Files (x86)\MSBuild\Microsoft.Cpp\v4.0\V120\Microsoft.CppBuild.targets" from project "C:\Users\Ryan\Source\Repos\GremlinGames\Trunk\Source\Utilities\OSG_SVN\OSG_10297_VS_2008\src\osgText\osgText.vcxproj" (target "Build" depends on it):
       Task "ReadLinesFromFile"
       Done executing task "ReadLinesFromFile".
       Task "WriteLinesToFile"
       Done executing task "WriteLinesToFile".
       Task "Touch"
         Creating "osgText.dir\Debug\osgText.tlog\unsuccessfulbuild" because "AlwaysCreate" was specified.
       Done executing task "Touch".
     1>Done building target "InitializeBuildStatus" in project "osgText.vcxproj".
       Target "AssignProjectConfiguration" skipped. Previously built successfully.
       Target "_SplitProjectReferencesByFileExistence" skipped. Previously built successfully.
     1>Target "BuildGenerateSourcesTraverse" in file "C:\Program Files (x86)\MSBuild\12.0\bin\Microsoft.Common.CurrentVersion.targets" from project "C:\Users\Ryan\Source\Repos\GremlinGames\Trunk\Source\Utilities\OSG_SVN\OSG_10297_VS_2008\src\osgText\osgText.vcxproj" (target "BuildGenerateSources" depends on it):
       Task "MSBuild" skipped, due to false condition; ('$(BuildPassReferences)' == 'true' and '@(ProjectReferenceWithConfiguration)' != '' and '@(_MSBuildProjectReferenceExistent)' != '' and '%(_MSBuildProjectReferenceExistent.BuildReference)' == 'true') was evaluated as ('' == 'true' and '..\..\ZERO_CHECK.vcxproj;..\OpenThreads\win32\OpenThreads.vcxproj;..\osgDB\osgDB.vcxproj;..\osg\osg.vcxproj' != '' and '..\..\ZERO_CHECK.vcxproj;..\OpenThreads\win32\OpenThreads.vcxproj;..\osgDB\osgDB.vcxproj;..\osg\osg.vcxproj' != '' and 'true' == 'true').
     1>Done building target "BuildGenerateSourcesTraverse" in project "osgText.vcxproj".
       Target "PrepareForBuild" skipped. Previously built successfully.
       Target "ResolveReferences" skipped. Previously built successfully.
     1>Target "BeforeBuildGenerateSources" in file "C:\Program Files (x86)\MSBuild\Microsoft.Cpp\v4.0\V120\Microsoft.BuildSteps.Targets" from project "C:\Users\Ryan\Source\Repos\GremlinGames\Trunk\Source\Utilities\OSG_SVN\OSG_10297_VS_2008\src\osgText\osgText.vcxproj" (target "_BuildGenerateSourcesAction" depends on it):
     1>Done building target "BeforeBuildGenerateSources" in project "osgText.vcxproj".
     1>Target "PreBuildEvent" in file "C:\Program Files (x86)\MSBuild\Microsoft.Cpp\v4.0\V120\Microsoft.CppCommon.targets" from project "C:\Users\Ryan\Source\Repos\GremlinGames\Trunk\Source\Utilities\OSG_SVN\OSG_10297_VS_2008\src\osgText\osgText.vcxproj" (target "_BuildGenerateSourcesAction" depends on it):
       Task "Message" skipped, due to false condition; ('%(PreBuildEvent.Message)' != '' and '%(PreBuildEvent.Command)' != '') was evaluated as ('' != '' and '' != '').
       Task "Exec" skipped, due to false condition; ('%(PreBuildEvent.Command)' != '') was evaluated as ('' != '').
     1>Done building target "PreBuildEvent" in project "osgText.vcxproj".
       Target "CustomBuild" skipped, due to false condition; ('@(CustomBuild)' != '') was evaluated as ('' != '').
       Target "FxCompile" skipped, due to false condition; ('@(FxCompile)' != '') was evaluated as ('' != '').
       Target "Xsd" skipped, due to false condition; ('@(Xsd)' != '') was evaluated as ('' != '').
     1>Target "_Xsd" in file "C:\Program Files (x86)\MSBuild\Microsoft.Cpp\v4.0\V120\Microsoft.CppBuild.targets" from project "C:\Users\Ryan\Source\Repos\GremlinGames\Trunk\Source\Utilities\OSG_SVN\OSG_10297_VS_2008\src\osgText\osgText.vcxproj" (target "_BuildGenerateSourcesAction" depends on it):
     1>Done building target "_Xsd" in project "osgText.vcxproj".
     1>Target "MakeDirsForMidl" in file "C:\Program Files (x86)\MSBuild\Microsoft.Cpp\v4.0\V120\Microsoft.CppBuild.targets" from project "C:\Users\Ryan\Source\Repos\GremlinGames\Trunk\Source\Utilities\OSG_SVN\OSG_10297_VS_2008\src\osgText\osgText.vcxproj" (target "_Midl" depends on it):
       Task "Makedir"
       Done executing task "Makedir".
     1>Done building target "MakeDirsForMidl" in project "osgText.vcxproj".
       Target "Midl" skipped, due to false condition; ('@(Midl)' != '') was evaluated as ('' != '').
       Target "CustomBuild" skipped, due to false condition; ('@(CustomBuild)' != '') was evaluated as ('' != '').
       Target "FxCompile" skipped, due to false condition; ('@(FxCompile)' != '') was evaluated as ('' != '').
     1>Target "ComputeMIDLGeneratedCompileInputs" in file "C:\Program Files (x86)\MSBuild\Microsoft.Cpp\v4.0\V120\Microsoft.CppBuild.targets" from project "C:\Users\Ryan\Source\Repos\GremlinGames\Trunk\Source\Utilities\OSG_SVN\OSG_10297_VS_2008\src\osgText\osgText.vcxproj" (target "_Midl" depends on it):
     1>Done building target "ComputeMIDLGeneratedCompileInputs" in project "osgText.vcxproj".
     1>Target "AfterMidl" in file "C:\Program Files (x86)\MSBuild\Microsoft.Cpp\v4.0\V120\Microsoft.CppBuild.targets" from project "C:\Users\Ryan\Source\Repos\GremlinGames\Trunk\Source\Utilities\OSG_SVN\OSG_10297_VS_2008\src\osgText\osgText.vcxproj" (target "_Midl" depends on it):
     1>Done building target "AfterMidl" in project "osgText.vcxproj".
     1>Target "_Midl" in file "C:\Program Files (x86)\MSBuild\Microsoft.Cpp\v4.0\V120\Microsoft.CppBuild.targets" from project "C:\Users\Ryan\Source\Repos\GremlinGames\Trunk\Source\Utilities\OSG_SVN\OSG_10297_VS_2008\src\osgText\osgText.vcxproj" (target "_BuildGenerateSourcesAction" depends on it):
     1>Done building target "_Midl" in project "osgText.vcxproj".
     1>Target "AfterBuildGenerateSources" in file "C:\Program Files (x86)\MSBuild\Microsoft.Cpp\v4.0\V120\Microsoft.BuildSteps.Targets" from project "C:\Users\Ryan\Source\Repos\GremlinGames\Trunk\Source\Utilities\OSG_SVN\OSG_10297_VS_2008\src\osgText\osgText.vcxproj" (target "_BuildGenerateSourcesAction" depends on it):
     1>Done building target "AfterBuildGenerateSources" in project "osgText.vcxproj".
     1>Target "AfterBuildGenerateSourcesEvent" in file "C:\Program Files (x86)\MSBuild\Microsoft.Cpp\v4.0\V120\Microsoft.CppBuild.targets" from project "C:\Users\Ryan\Source\Repos\GremlinGames\Trunk\Source\Utilities\OSG_SVN\OSG_10297_VS_2008\src\osgText\osgText.vcxproj" (target "_BuildGenerateSourcesAction" depends on it):
     1>Done building target "AfterBuildGenerateSourcesEvent" in project "osgText.vcxproj".
     1>Target "_BuildGenerateSourcesAction" in file "C:\Program Files (x86)\MSBuild\Microsoft.Cpp\v4.0\V120\Microsoft.CppBuild.targets" from project "C:\Users\Ryan\Source\Repos\GremlinGames\Trunk\Source\Utilities\OSG_SVN\OSG_10297_VS_2008\src\osgText\osgText.vcxproj" (target "BuildGenerateSources" depends on it):
     1>Done building target "_BuildGenerateSourcesAction" in project "osgText.vcxproj".
     1>Target "BuildGenerateSources" in file "C:\Program Files (x86)\MSBuild\12.0\bin\Microsoft.Common.CurrentVersion.targets" from project "C:\Users\Ryan\Source\Repos\GremlinGames\Trunk\Source\Utilities\OSG_SVN\OSG_10297_VS_2008\src\osgText\osgText.vcxproj" (target "Build" depends on it):
     1>Done building target "BuildGenerateSources" in project "osgText.vcxproj".
       Target "AssignProjectConfiguration" skipped. Previously built successfully.
       Target "_SplitProjectReferencesByFileExistence" skipped. Previously built successfully.
     1>Target "BuildCompileTraverse" in file "C:\Program Files (x86)\MSBuild\12.0\bin\Microsoft.Common.CurrentVersion.targets" from project "C:\Users\Ryan\Source\Repos\GremlinGames\Trunk\Source\Utilities\OSG_SVN\OSG_10297_VS_2008\src\osgText\osgText.vcxproj" (target "BuildCompile" depends on it):
       Task "MSBuild" skipped, due to false condition; ('$(BuildPassReferences)' == 'true' and '@(ProjectReferenceWithConfiguration)' != '' and '@(_MSBuildProjectReferenceExistent)' != ''  and '%(_MSBuildProjectReferenceExistent.BuildReference)' == 'true') was evaluated as ('' == 'true' and '..\..\ZERO_CHECK.vcxproj;..\OpenThreads\win32\OpenThreads.vcxproj;..\osgDB\osgDB.vcxproj;..\osg\osg.vcxproj' != '' and '..\..\ZERO_CHECK.vcxproj;..\OpenThreads\win32\OpenThreads.vcxproj;..\osgDB\osgDB.vcxproj;..\osg\osg.vcxproj' != ''  and 'true' == 'true').
     1>Done building target "BuildCompileTraverse" in project "osgText.vcxproj".
       Target "PrepareForBuild" skipped. Previously built successfully.
       Target "ResolveReferences" skipped. Previously built successfully.
     1>Target "BeforeClCompile" in file "C:\Program Files (x86)\MSBuild\Microsoft.Cpp\v4.0\V120\Microsoft.CppBuild.targets" from project "C:\Users\Ryan\Source\Repos\GremlinGames\Trunk\Source\Utilities\OSG_SVN\OSG_10297_VS_2008\src\osgText\osgText.vcxproj" (target "_ClCompile" depends on it):
     1>Done building target "BeforeClCompile" in project "osgText.vcxproj".
       Target "ComputeMIDLGeneratedCompileInputs" skipped. Previously built successfully.
     1>Target "ComputeCLInputPDBName" in file "C:\Program Files (x86)\MSBuild\Microsoft.Cpp\v4.0\V120\Microsoft.CppBuild.targets" from project "C:\Users\Ryan\Source\Repos\GremlinGames\Trunk\Source\Utilities\OSG_SVN\OSG_10297_VS_2008\src\osgText\osgText.vcxproj" (target "_ClCompile" depends on it):
     1>Done building target "ComputeCLInputPDBName" in project "osgText.vcxproj".
       Target "ResolveReferences" skipped. Previously built successfully.
     1>Target "ComputeReferenceCLInput" in file "C:\Program Files (x86)\MSBuild\Microsoft.Cpp\v4.0\V120\Microsoft.CppBuild.targets" from project "C:\Users\Ryan\Source\Repos\GremlinGames\Trunk\Source\Utilities\OSG_SVN\OSG_10297_VS_2008\src\osgText\osgText.vcxproj" (target "_ClCompile" depends on it):
       Task "WriteLinesToFile" skipped, due to false condition; (('@(_ReferenceCopyLocalPaths)'!='') and '$(DesignTimeBuild)' != 'true') was evaluated as ((''!='') and '' != 'true').
       Task "Message" skipped, due to false condition; ('$(_REFERENCE_DEBUG)'=='true') was evaluated as (''=='true').
     1>Done building target "ComputeReferenceCLInput" in project "osgText.vcxproj".
     1>Target "WarnCompileDuplicatedFilename" in file "C:\Program Files (x86)\MSBuild\Microsoft.Cpp\v4.0\V120\Microsoft.CppBuild.targets" from project "C:\Users\Ryan\Source\Repos\GremlinGames\Trunk\Source\Utilities\OSG_SVN\OSG_10297_VS_2008\src\osgText\osgText.vcxproj" (target "_ClCompile" depends on it):
       Task "VCMessage" skipped, due to false condition; ('%(ClCompile.ExcludedFromBuild)' != 'true' and '%(Filename)%(Extension)' != '@(ClCompile->'%(Filename)%(Extension)')' and '%(ObjectFileName)' == '@(ClCompile->Metadata(ObjectFileName)->Distinct())') was evaluated as ('' != 'true' and '' != '' and '' == '').
     1>Done building target "WarnCompileDuplicatedFilename" in project "osgText.vcxproj".
     1>Target "MakeDirsForCl" in file "C:\Program Files (x86)\MSBuild\Microsoft.Cpp\v4.0\V120\Microsoft.CppBuild.targets" from project "C:\Users\Ryan\Source\Repos\GremlinGames\Trunk\Source\Utilities\OSG_SVN\OSG_10297_VS_2008\src\osgText\osgText.vcxproj" (target "_ClCompile" depends on it):
       Task "MakeDir"
       Done executing task "MakeDir".
     1>Done building target "MakeDirsForCl" in project "osgText.vcxproj".
       Target "ClCompile" skipped, due to false condition; ('@(ClCompile)' != '') was evaluated as ('' != '').
       Target "GenerateTargetFrameworkMonikerAttribute" skipped, due to false condition; ('$(GenerateTargetFrameworkAttribute)' == 'true') was evaluated as ('false' == 'true').
       Target "ManagedIncrementalBuildPreProcessDependencyGraph" skipped, due to false condition; ('@(ClCompile)' != '' and '$(EnableManagedIncrementalBuild)' == 'True') was evaluated as ('' != '' and 'false' == 'True').
       Target "ManagedIncrementalBuildPostProcessDependencyGraph" skipped, due to false condition; ('@(ClCompile)' != '' and '$(EnableManagedIncrementalBuild)' == 'True') was evaluated as ('' != '' and 'false' == 'True').
     1>Target "AfterClCompile" in file "C:\Program Files (x86)\MSBuild\Microsoft.Cpp\v4.0\V120\Microsoft.CppBuild.targets" from project "C:\Users\Ryan\Source\Repos\GremlinGames\Trunk\Source\Utilities\OSG_SVN\OSG_10297_VS_2008\src\osgText\osgText.vcxproj" (target "_ClCompile" depends on it):
     1>Done building target "AfterClCompile" in project "osgText.vcxproj".
     1>Target "_ClCompile" in file "C:\Program Files (x86)\MSBuild\Microsoft.Cpp\v4.0\V120\Microsoft.CppBuild.targets" from project "C:\Users\Ryan\Source\Repos\GremlinGames\Trunk\Source\Utilities\OSG_SVN\OSG_10297_VS_2008\src\osgText\osgText.vcxproj" (target "_BuildCompileAction" depends on it):
     1>Done building target "_ClCompile" in project "osgText.vcxproj".
       Target "_ResGen" skipped, due to false condition; ('@(EmbeddedResource)'!='') was evaluated as (''!='').
     1>Target "BeforeResourceCompile" in file "C:\Program Files (x86)\MSBuild\Microsoft.Cpp\v4.0\V120\Microsoft.CppBuild.targets" from project "C:\Users\Ryan\Source\Repos\GremlinGames\Trunk\Source\Utilities\OSG_SVN\OSG_10297_VS_2008\src\osgText\osgText.vcxproj" (target "_ResourceCompile" depends on it):
     1>Done building target "BeforeResourceCompile" in project "osgText.vcxproj".
     1>Target "MakeDirsForResourceCompile" in file "C:\Program Files (x86)\MSBuild\Microsoft.Cpp\v4.0\V120\Microsoft.CppBuild.targets" from project "C:\Users\Ryan\Source\Repos\GremlinGames\Trunk\Source\Utilities\OSG_SVN\OSG_10297_VS_2008\src\osgText\osgText.vcxproj" (target "_ResourceCompile" depends on it):
       Task "MakeDir"
       Done executing task "MakeDir".
     1>Done building target "MakeDirsForResourceCompile" in project "osgText.vcxproj".
       Target "ResourceCompile" skipped, due to false condition; ('@(ResourceCompile)' != '') was evaluated as ('' != '').
     1>Target "AfterResourceCompile" in file "C:\Program Files (x86)\MSBuild\Microsoft.Cpp\v4.0\V120\Microsoft.CppBuild.targets" from project "C:\Users\Ryan\Source\Repos\GremlinGames\Trunk\Source\Utilities\OSG_SVN\OSG_10297_VS_2008\src\osgText\osgText.vcxproj" (target "_ResourceCompile" depends on it):
     1>Done building target "AfterResourceCompile" in project "osgText.vcxproj".
     1>Target "_ResourceCompile" in file "C:\Program Files (x86)\MSBuild\Microsoft.Cpp\v4.0\V120\Microsoft.CppBuild.targets" from project "C:\Users\Ryan\Source\Repos\GremlinGames\Trunk\Source\Utilities\OSG_SVN\OSG_10297_VS_2008\src\osgText\osgText.vcxproj" (target "_BuildCompileAction" depends on it):
     1>Done building target "_ResourceCompile" in project "osgText.vcxproj".
       Target "_ImpLib" skipped, due to false condition; ('$(ImpLibCompiled)' == 'true') was evaluated as ('' == 'true').
       Target "_Lib" skipped, due to false condition; ('$(LibCompiled)' == 'true') was evaluated as ('' == 'true').
     1>Target "AfterBuildCompileEvent" in file "C:\Program Files (x86)\MSBuild\Microsoft.Cpp\v4.0\V120\Microsoft.CppBuild.targets" from project "C:\Users\Ryan\Source\Repos\GremlinGames\Trunk\Source\Utilities\OSG_SVN\OSG_10297_VS_2008\src\osgText\osgText.vcxproj" (target "_BuildCompileAction" depends on it):
     1>Done building target "AfterBuildCompileEvent" in project "osgText.vcxproj".
     1>Target "_BuildCompileAction" in file "C:\Program Files (x86)\MSBuild\Microsoft.Cpp\v4.0\V120\Microsoft.CppBuild.targets" from project "C:\Users\Ryan\Source\Repos\GremlinGames\Trunk\Source\Utilities\OSG_SVN\OSG_10297_VS_2008\src\osgText\osgText.vcxproj" (target "BuildCompile" depends on it):
     1>Done building target "_BuildCompileAction" in project "osgText.vcxproj".
     1>Target "BuildCompile" in file "C:\Program Files (x86)\MSBuild\12.0\bin\Microsoft.Common.CurrentVersion.targets" from project "C:\Users\Ryan\Source\Repos\GremlinGames\Trunk\Source\Utilities\OSG_SVN\OSG_10297_VS_2008\src\osgText\osgText.vcxproj" (target "Build" depends on it):
     1>Done building target "BuildCompile" in project "osgText.vcxproj".
       Target "AssignProjectConfiguration" skipped. Previously built successfully.
       Target "_SplitProjectReferencesByFileExistence" skipped. Previously built successfully.
     1>Target "BuildLinkTraverse" in file "C:\Program Files (x86)\MSBuild\12.0\bin\Microsoft.Common.CurrentVersion.targets" from project "C:\Users\Ryan\Source\Repos\GremlinGames\Trunk\Source\Utilities\OSG_SVN\OSG_10297_VS_2008\src\osgText\osgText.vcxproj" (target "BuildLink" depends on it):
       Task "MSBuild" skipped, due to false condition; ('$(BuildPassReferences)' == 'true' and '@(ProjectReferenceWithConfiguration)' != '' and '@(_MSBuildProjectReferenceExistent)' != ''  and '%(_MSBuildProjectReferenceExistent.BuildReference)' == 'true') was evaluated as ('' == 'true' and '..\..\ZERO_CHECK.vcxproj;..\OpenThreads\win32\OpenThreads.vcxproj;..\osgDB\osgDB.vcxproj;..\osg\osg.vcxproj' != '' and '..\..\ZERO_CHECK.vcxproj;..\OpenThreads\win32\OpenThreads.vcxproj;..\osgDB\osgDB.vcxproj;..\osg\osg.vcxproj' != ''  and 'true' == 'true').
     1>Done building target "BuildLinkTraverse" in project "osgText.vcxproj".
       Target "PrepareForBuild" skipped. Previously built successfully.
       Target "ResolveReferences" skipped. Previously built successfully.
     1>Target "ComputeLegacyManifestEmbedding" in file "C:\Program Files (x86)\MSBuild\Microsoft.Cpp\v4.0\V120\Microsoft.CppBuild.targets" from project "C:\Users\Ryan\Source\Repos\GremlinGames\Trunk\Source\Utilities\OSG_SVN\OSG_10297_VS_2008\src\osgText\osgText.vcxproj" (target "_BuildLinkAction" depends on it):
       Task "VCMessage" skipped, due to false condition; ('$(RevertManifestEmbedding)' == 'true' and '$(_LegacyManifestEmbeddingDebug)' == 'true') was evaluated as ('' == 'true' and '' == 'true').
     1>Done building target "ComputeLegacyManifestEmbedding" in project "osgText.vcxproj".
     1>Target "BeforeLink" in file "C:\Program Files (x86)\MSBuild\Microsoft.Cpp\v4.0\V120\Microsoft.CppBuild.targets" from project "C:\Users\Ryan\Source\Repos\GremlinGames\Trunk\Source\Utilities\OSG_SVN\OSG_10297_VS_2008\src\osgText\osgText.vcxproj" (target "_Link" depends on it):
     1>Done building target "BeforeLink" in project "osgText.vcxproj".
     1>Target "ComputeRCOutputs" in file "C:\Program Files (x86)\MSBuild\Microsoft.Cpp\v4.0\V120\Microsoft.CppBuild.targets" from project "C:\Users\Ryan\Source\Repos\GremlinGames\Trunk\Source\Utilities\OSG_SVN\OSG_10297_VS_2008\src\osgText\osgText.vcxproj" (target "ComputeRCGeneratedLinkInputs" depends on it):
     1>Done building target "ComputeRCOutputs" in project "osgText.vcxproj".
     1>Target "ComputeRCGeneratedLinkInputs" in file "C:\Program Files (x86)\MSBuild\Microsoft.Cpp\v4.0\V120\Microsoft.CppBuild.targets" from project "C:\Users\Ryan\Source\Repos\GremlinGames\Trunk\Source\Utilities\OSG_SVN\OSG_10297_VS_2008\src\osgText\osgText.vcxproj" (target "_Link" depends on it):
     1>Done building target "ComputeRCGeneratedLinkInputs" in project "osgText.vcxproj".
     1>Target "ComputeManifestGeneratedLinkerInputs" in file "C:\Program Files (x86)\MSBuild\Microsoft.Cpp\v4.0\V120\Microsoft.CppBuild.targets" from project "C:\Users\Ryan\Source\Repos\GremlinGames\Trunk\Source\Utilities\OSG_SVN\OSG_10297_VS_2008\src\osgText\osgText.vcxproj" (target "_Link" depends on it):
     1>Done building target "ComputeManifestGeneratedLinkerInputs" in project "osgText.vcxproj".
     1>Target "ComputeCustomBuildOutput" in file "C:\Program Files (x86)\MSBuild\Microsoft.Cpp\v4.0\V120\Microsoft.CppBuild.targets" from project "C:\Users\Ryan\Source\Repos\GremlinGames\Trunk\Source\Utilities\OSG_SVN\OSG_10297_VS_2008\src\osgText\osgText.vcxproj" (target "_Link" depends on it):
       Task "CreateItem" skipped, due to false condition; ('%(CustomBuildDirsToMake.OutputFileToTool)'!='') was evaluated as (''!='').
       Task "MakeDir"
       Done executing task "MakeDir".
     1>Done building target "ComputeCustomBuildOutput" in project "osgText.vcxproj".
       Target "ComputeCLOutputs" skipped, due to false condition; ('@(ClCompile)' != '') was evaluated as ('' != '').
     1>Target "ComputeCLGeneratedLinkInputs" in file "C:\Program Files (x86)\MSBuild\Microsoft.Cpp\v4.0\V120\Microsoft.CppBuild.targets" from project "C:\Users\Ryan\Source\Repos\GremlinGames\Trunk\Source\Utilities\OSG_SVN\OSG_10297_VS_2008\src\osgText\osgText.vcxproj" (target "_Link" depends on it):
     1>Done building target "ComputeCLGeneratedLinkInputs" in project "osgText.vcxproj".
     1>Target "ComputeLinkInputsFromProject" in file "C:\Program Files (x86)\MSBuild\Microsoft.Cpp\v4.0\V120\Microsoft.CppBuild.targets" from project "C:\Users\Ryan\Source\Repos\GremlinGames\Trunk\Source\Utilities\OSG_SVN\OSG_10297_VS_2008\src\osgText\osgText.vcxproj" (target "_Link" depends on it):
     1>Done building target "ComputeLinkInputsFromProject" in project "osgText.vcxproj".
       Target "PrepareForBuild" skipped. Previously built successfully.
       Target "ResolveReferences" skipped. Previously built successfully.
     1>Target "ResolvedLinkLib" in file "C:\Program Files (x86)\MSBuild\Microsoft.Cpp\v4.0\V120\Microsoft.CppBuild.targets" from project "C:\Users\Ryan\Source\Repos\GremlinGames\Trunk\Source\Utilities\OSG_SVN\OSG_10297_VS_2008\src\osgText\osgText.vcxproj" (target "ComputeReferenceLinkInputs" depends on it):
       Task "MSBuild"
         Global Properties:
           Configuration=Debug
           Platform=Win32
     1>Project "C:\Users\Ryan\Source\Repos\GremlinGames\Trunk\Source\Utilities\OSG_SVN\OSG_10297_VS_2008\src\osgText\osgText.vcxproj" (1) is building "C:\Users\Ryan\Source\Repos\GremlinGames\Trunk\Source\Utilities\OSG_SVN\OSG_10297_VS_2008\ZERO_CHECK.vcxproj" (2:3) on node 2 (GetResolvedLinkLibs target(s)).
   2:3>Building with tools version "12.0".
       Target "_CheckForInvalidConfigurationAndPlatform" skipped. Previously built successfully.
       Target "GetResolvedLinkLibs" skipped. Previously built successfully.
   2:3>Done Building Project "C:\Users\Ryan\Source\Repos\GremlinGames\Trunk\Source\Utilities\OSG_SVN\OSG_10297_VS_2008\ZERO_CHECK.vcxproj" (GetResolvedLinkLibs target(s)).
     1>Project "C:\Users\Ryan\Source\Repos\GremlinGames\Trunk\Source\Utilities\OSG_SVN\OSG_10297_VS_2008\src\osgText\osgText.vcxproj" (1) is building "C:\Users\Ryan\Source\Repos\GremlinGames\Trunk\Source\Utilities\OSG_SVN\OSG_10297_VS_2008\src\osg\osg.vcxproj" (3:3) on node 2 (GetResolvedLinkLibs target(s)).
   3:3>Building with tools version "12.0".
       Target "_CheckForInvalidConfigurationAndPlatform" skipped. Previously built successfully.
       Target "GetResolvedLinkLibs" skipped. Previously built successfully.
   3:3>Done Building Project "C:\Users\Ryan\Source\Repos\GremlinGames\Trunk\Source\Utilities\OSG_SVN\OSG_10297_VS_2008\src\osg\osg.vcxproj" (GetResolvedLinkLibs target(s)).
     1>Project "C:\Users\Ryan\Source\Repos\GremlinGames\Trunk\Source\Utilities\OSG_SVN\OSG_10297_VS_2008\src\osgText\osgText.vcxproj" (1) is building "C:\Users\Ryan\Source\Repos\GremlinGames\Trunk\Source\Utilities\OSG_SVN\OSG_10297_VS_2008\src\OpenThreads\win32\OpenThreads.vcxproj" (4:3) on node 1 (GetResolvedLinkLibs target(s)).
   4:3>Building with tools version "12.0".
       Target "_CheckForInvalidConfigurationAndPlatform" skipped. Previously built successfully.
       Target "GetResolvedLinkLibs" skipped. Previously built successfully.
   4:3>Done Building Project "C:\Users\Ryan\Source\Repos\GremlinGames\Trunk\Source\Utilities\OSG_SVN\OSG_10297_VS_2008\src\OpenThreads\win32\OpenThreads.vcxproj" (GetResolvedLinkLibs target(s)).
     1>Project "C:\Users\Ryan\Source\Repos\GremlinGames\Trunk\Source\Utilities\OSG_SVN\OSG_10297_VS_2008\src\osgText\osgText.vcxproj" (1) is building "C:\Users\Ryan\Source\Repos\GremlinGames\Trunk\Source\Utilities\OSG_SVN\OSG_10297_VS_2008\src\osgDB\osgDB.vcxproj" (5:3) on node 2 (GetResolvedLinkLibs target(s)).
   5:3>Building with tools version "12.0".
       Target "_CheckForInvalidConfigurationAndPlatform" skipped. Previously built successfully.
   5:3>Target "GetResolvedLinkLibs" in file "C:\Program Files (x86)\MSBuild\Microsoft.Cpp\v4.0\V120\Microsoft.CppBuild.targets" from project "C:\Users\Ryan\Source\Repos\GremlinGames\Trunk\Source\Utilities\OSG_SVN\OSG_10297_VS_2008\src\osgDB\osgDB.vcxproj" (entry point):
   5:3>Done building target "GetResolvedLinkLibs" in project "osgDB.vcxproj".
   5:3>Done Building Project "C:\Users\Ryan\Source\Repos\GremlinGames\Trunk\Source\Utilities\OSG_SVN\OSG_10297_VS_2008\src\osgDB\osgDB.vcxproj" (GetResolvedLinkLibs target(s)) -- FAILED.
     1>Done executing task "MSBuild".
     1>Done building target "ResolvedLinkLib" in project "osgText.vcxproj".
     1>Target "ComputeResolveLinkObj" in file "C:\Program Files (x86)\MSBuild\Microsoft.Cpp\v4.0\V120\Microsoft.CppBuild.targets" from project "C:\Users\Ryan\Source\Repos\GremlinGames\Trunk\Source\Utilities\OSG_SVN\OSG_10297_VS_2008\src\osgText\osgText.vcxproj" (target "ComputeReferenceLinkInputs" depends on it):
       Task "CallTarget" skipped, due to false condition; ('%(_MSBuildProjectReferenceExistent.UseLibraryDependencyInputs)'=='true') was evaluated as ('false'=='true').
     1>Done building target "ComputeResolveLinkObj" in project "osgText.vcxproj".
     1>Target "ComputeReferenceLinkInputs" in file "C:\Program Files (x86)\MSBuild\Microsoft.Cpp\v4.0\V120\Microsoft.CppBuild.targets" from project "C:\Users\Ryan\Source\Repos\GremlinGames\Trunk\Source\Utilities\OSG_SVN\OSG_10297_VS_2008\src\osgText\osgText.vcxproj" (target "_Link" depends on it):
       Task "VCMessage" skipped, due to false condition; ('%(ProjectReferenceToLink.ProjectType)' == 'DynamicLibrary' and '$(WindowsAppContainer)' == 'true' and '%(ProjectReferenceToLink.WindowsAppContainer)' != 'true') was evaluated as ('DynamicLibrary' == 'DynamicLibrary' and 'false' == 'true' and 'false' != 'true').
       Task "VCMessage" skipped, due to false condition; ('%(ProjectReferenceToLink.ProjectType)' == 'DynamicLibrary' and '$(WindowsAppContainer)' == 'true' and '%(ProjectReferenceToLink.WindowsAppContainer)' != 'true') was evaluated as ('DynamicLibrary' == 'DynamicLibrary' and 'false' == 'true' and 'false' != 'true').
       Task "VCMessage" skipped, due to false condition; ('%(ProjectReferenceToLink.ProjectType)' == 'DynamicLibrary' and '$(WindowsAppContainer)' == 'true' and '%(ProjectReferenceToLink.WindowsAppContainer)' != 'true') was evaluated as ('DynamicLibrary' == 'DynamicLibrary' and 'false' == 'true' and 'false' != 'true').
       Task "Message" skipped, due to false condition; ('$(_REFERENCE_DEBUG)'=='true') was evaluated as (''=='true').
     1>Done building target "ComputeReferenceLinkInputs" in project "osgText.vcxproj".
     1>Target "ComputeManifestInputsTargets" in file "C:\Program Files (x86)\MSBuild\Microsoft.Cpp\v4.0\V120\Microsoft.CppBuild.targets" from project "C:\Users\Ryan\Source\Repos\GremlinGames\Trunk\Source\Utilities\OSG_SVN\OSG_10297_VS_2008\src\osgText\osgText.vcxproj" (target "_Link" depends on it):
     1>Done building target "ComputeManifestInputsTargets" in project "osgText.vcxproj".
       Target "ManifestResourceCompile" skipped, due to false condition; ('$(EmbedManifestBy)' == 'LINK' and '@(Manifest)' != '') was evaluated as ('LINK' == 'LINK' and '' != '').
       Target "AssignWinFXEmbeddedResource" skipped, due to false condition; ('@(WinFXEmbeddedResource)' != '') was evaluated as ('' != '').
     1>Target "AssignTargetPaths" in file "C:\Program Files (x86)\MSBuild\12.0\bin\Microsoft.Common.CurrentVersion.targets" from project "C:\Users\Ryan\Source\Repos\GremlinGames\Trunk\Source\Utilities\OSG_SVN\OSG_10297_VS_2008\src\osgText\osgText.vcxproj" (target "PrepareResourceNames" depends on it):
       Task "AssignTargetPath"
       Done executing task "AssignTargetPath".
       Task "AssignTargetPath"
       Done executing task "AssignTargetPath".
       Task "AssignTargetPath"
       Done executing task "AssignTargetPath".
       Task "AssignTargetPath"
       Done executing task "AssignTargetPath".
       Task "AssignTargetPath" skipped, due to false condition; ('@(_DeploymentBaseManifestWithTargetPath)'=='' and '%(None.Extension)'=='.manifest') was evaluated as (''=='' and ''=='.manifest').
     1>Done building target "AssignTargetPaths" in project "osgText.vcxproj".
       Target "AssignTargetPaths" skipped. Previously built successfully.
     1>Target "SplitResourcesByCulture" in file "C:\Program Files (x86)\MSBuild\12.0\bin\Microsoft.Common.CurrentVersion.targets" from project "C:\Users\Ryan\Source\Repos\GremlinGames\Trunk\Source\Utilities\OSG_SVN\OSG_10297_VS_2008\src\osgText\osgText.vcxproj" (target "PrepareResourceNames" depends on it):
       Task "Warning" skipped, due to false condition; ('@(ResxWithNoCulture)'!='') was evaluated as (''!='').
       Task "Warning" skipped, due to false condition; ('@(ResxWithCulture)'!='') was evaluated as (''!='').
       Task "Warning" skipped, due to false condition; ('@(NonResxWithCulture)'!='') was evaluated as (''!='').
       Task "Warning" skipped, due to false condition; ('@(NonResxWithNoCulture)'!='') was evaluated as (''!='').
       Task "AssignCulture"
       Done executing task "AssignCulture".
     1>Done building target "SplitResourcesByCulture" in project "osgText.vcxproj".
       Target "CreateManifestResourceNames" skipped, due to false condition; ('@(EmbeddedResource)' != '') was evaluated as ('' != '').
     1>Target "CreateCustomManifestResourceNames" in file "C:\Program Files (x86)\MSBuild\12.0\bin\Microsoft.Common.CurrentVersion.targets" from project "C:\Users\Ryan\Source\Repos\GremlinGames\Trunk\Source\Utilities\OSG_SVN\OSG_10297_VS_2008\src\osgText\osgText.vcxproj" (target "PrepareResourceNames" depends on it):
     1>Done building target "CreateCustomManifestResourceNames" in project "osgText.vcxproj".
     1>Target "PrepareResourceNames" in file "C:\Program Files (x86)\MSBuild\12.0\bin\Microsoft.Common.CurrentVersion.targets" from project "C:\Users\Ryan\Source\Repos\GremlinGames\Trunk\Source\Utilities\OSG_SVN\OSG_10297_VS_2008\src\osgText\osgText.vcxproj" (target "_Link" depends on it):
     1>Done building target "PrepareResourceNames" in project "osgText.vcxproj".
     1>Target "MakeDirsForLink" in file "C:\Program Files (x86)\MSBuild\Microsoft.Cpp\v4.0\V120\Microsoft.CppBuild.targets" from project "C:\Users\Ryan\Source\Repos\GremlinGames\Trunk\Source\Utilities\OSG_SVN\OSG_10297_VS_2008\src\osgText\osgText.vcxproj" (target "_Link" depends on it):
       Task "MakeDir"
       Done executing task "MakeDir".
     1>Done building target "MakeDirsForLink" in project "osgText.vcxproj".
     1>Target "DoLinkOutputFilesMatch" in file "C:\Program Files (x86)\MSBuild\Microsoft.Cpp\v4.0\V120\Microsoft.CppBuild.targets" from project "C:\Users\Ryan\Source\Repos\GremlinGames\Trunk\Source\Utilities\OSG_SVN\OSG_10297_VS_2008\src\osgText\osgText.vcxproj" (target "_Link" depends on it):
       Task "VCMessage" skipped, due to false condition; ('@(_OutputFileFromLink)' == '') was evaluated as ('\OSG_SVN\OSG_10297_VS_2008\lib\Debug\osgTextd.dll' == '').
       Using "VCMessage" task from assembly "C:\Program Files (x86)\MSBuild\Microsoft.Cpp\v4.0\V120\Microsoft.Build.CppTasks.Common.dll".
       Task "VCMessage"
     1>C:\Program Files (x86)\MSBuild\Microsoft.Cpp\v4.0\V120\Microsoft.CppBuild.targets(1193,5): warning MSB8012: TargetPath(C:\Users\Ryan\Source\Repos\GremlinGames\Trunk\Source\Utilities\OSG_SVN\OSG_10297_VS_2008\src\osgText\Debug\osgText.dll) does not match the Linker's OutputFile property value (C:\OSG_SVN\OSG_10297_VS_2008\lib\Debug\osgTextd.dll). This may cause your project to build incorrectly. To correct this, please make sure that $(OutDir), $(TargetName) and $(TargetExt) property values match the value specified in %(Link.OutputFile).
       Done executing task "VCMessage".
       Task "VCMessage" skipped, due to false condition; ('@(_OutputFileFromLink)' != '' and '%(_OutputFileFromLink.Extension)' != '' and '%(_OutputFileFromLink.Extension)' != '$(TargetExt)') was evaluated as ('\OSG_SVN\OSG_10297_VS_2008\lib\Debug\osgTextd.dll' != '' and '.dll' != '' and '.dll' != '.dll').
       Task "VCMessage"
     1>C:\Program Files (x86)\MSBuild\Microsoft.Cpp\v4.0\V120\Microsoft.CppBuild.targets(1195,5): warning MSB8012: TargetName(osgText) does not match the Linker's OutputFile property value (osgTextd). This may cause your project to build incorrectly. To correct this, please make sure that $(OutDir), $(TargetName) and $(TargetExt) property values match the value specified in %(Link.OutputFile).
       Done executing task "VCMessage".
       Task "VCMessage" skipped, due to false condition; ('%(Link.MinimumRequiredVersion)' != '' and ('%(Link.Subsystem)' == '' or '%(Link.Subsystem)' == 'NotSet')) was evaluated as ('' != '' and ('' == '' or '' == 'NotSet')).
     1>Done building target "DoLinkOutputFilesMatch" in project "osgText.vcxproj".
     1>Target "PreLinkEvent" in file "C:\Program Files (x86)\MSBuild\Microsoft.Cpp\v4.0\V120\Microsoft.CppCommon.targets" from project "C:\Users\Ryan\Source\Repos\GremlinGames\Trunk\Source\Utilities\OSG_SVN\OSG_10297_VS_2008\src\osgText\osgText.vcxproj" (target "_Link" depends on it):
       Task "Message" skipped, due to false condition; ('%(PreLinkEvent.Message)' != '' and '%(PreLinkEvent.Command)' != '') was evaluated as ('' != '' and '' != '').
       Task "Exec" skipped, due to false condition; ('%(PreLinkEvent.Command)' != '') was evaluated as ('' != '').
     1>Done building target "PreLinkEvent" in project "osgText.vcxproj".
     1>Target "ComputeLinkSwitches" in file "C:\Program Files (x86)\MSBuild\Microsoft.Cpp\v4.0\V120\Microsoft.CppCommon.targets" from project "C:\Users\Ryan\Source\Repos\GremlinGames\Trunk\Source\Utilities\OSG_SVN\OSG_10297_VS_2008\src\osgText\osgText.vcxproj" (target "Link" depends on it):
     1>Done building target "ComputeLinkSwitches" in project "osgText.vcxproj".
     1>Target "Link" in file "C:\Program Files (x86)\MSBuild\Microsoft.Cpp\v4.0\V120\Microsoft.CppCommon.targets" from project "C:\Users\Ryan\Source\Repos\GremlinGames\Trunk\Source\Utilities\OSG_SVN\OSG_10297_VS_2008\src\osgText\osgText.vcxproj" (target "_Link" depends on it):
       Using "Link" task from assembly "C:\Program Files (x86)\MSBuild\Microsoft.Cpp\v4.0\V120\Microsoft.Build.CppTasks.Common.dll".
       Task "Link"
         Environment Variables passed to tool:
           VS_UNICODE_OUTPUT=1872
         C:\Program Files (x86)\Microsoft Visual Studio 12.0\VC\bin\link.exe /ERRORREPORT:PROMPT /OUT:"\OSG_SVN\OSG_10297_VS_2008\lib\Debug\osgTextd.dll" /VERSION:"2.9" /INCREMENTAL /NOLOGO /LIBPATH:..\..\lib\Debug\ /LIBPATH:..\..\lib kernel32.lib user32.lib gdi32.lib winspool.lib comdlg32.lib advapi32.lib shell32.lib ole32.lib oleaut32.lib uuid.lib odbc32.lib odbccp32.lib osgDBd.lib osgd.lib OpenThreadsd.lib glu32.lib opengl32.lib /MANIFEST /MANIFESTUAC:"level='asInvoker' uiAccess='false'" /manifest:embed /DEBUG /PDB:"\OSG_SVN\OSG_10297_VS_2008\lib\Debug\osgTextd.pdb" /TLBID:1 /DYNAMICBASE /NXCOMPAT /IMPLIB:"\OSG_SVN\OSG_10297_VS_2008\lib\Debug\osgTextd.lib" /MACHINE:X86 /SAFESEH  /STACK:10000000 /machine:I386 /debug /DLL C:\OSG_SVN\OSG_10297_VS_2008\lib\Debug\OpenThreadsd.lib
         C:\OSG_SVN\OSG_10297_VS_2008\lib\Debug\osgDBd.lib
         C:\OSG_SVN\OSG_10297_VS_2008\lib\Debug\osgd.lib
         Tracking command:
         C:\Program Files (x86)\MSBuild\12.0\bin\Tracker.exe /a /d "C:\Program Files (x86)\MSBuild\12.0\bin\FileTracker.dll" /i C:\Users\Ryan\Source\Repos\GremlinGames\Trunk\Source\Utilities\OSG_SVN\OSG_10297_VS_2008\src\osgText\osgText.dir\Debug\osgText.tlog /r "C:\OSG_SVN\OSG_10297_VS_2008\LIB\DEBUG\OPENTHREADSD.LIB|C:\OSG_SVN\OSG_10297_VS_2008\LIB\DEBUG\OSGD.LIB|C:\OSG_SVN\OSG_10297_VS_2008\LIB\DEBUG\OSGDBD.LIB" /b MSBuildConsole_CancelEventef3763ffe4224eafb984abdaa126c970  /c "C:\Program Files (x86)\Microsoft Visual Studio 12.0\VC\bin\link.exe"  /ERRORREPORT:PROMPT /OUT:"\OSG_SVN\OSG_10297_VS_2008\lib\Debug\osgTextd.dll" /VERSION:"2.9" /INCREMENTAL /NOLOGO /LIBPATH:..\..\lib\Debug\ /LIBPATH:..\..\lib kernel32.lib user32.lib gdi32.lib winspool.lib comdlg32.lib advapi32.lib shell32.lib ole32.lib oleaut32.lib uuid.lib odbc32.lib odbccp32.lib osgDBd.lib osgd.lib OpenThreadsd.lib glu32.lib opengl32.lib /MANIFEST /MANIFESTUAC:"level='asInvoker' uiAccess='false'" /manifest:embed /DEBUG /PDB:"\OSG_SVN\OSG_10297_VS_2008\lib\Debug\osgTextd.pdb" /TLBID:1 /DYNAMICBASE /NXCOMPAT /IMPLIB:"\OSG_SVN\OSG_10297_VS_2008\lib\Debug\osgTextd.lib" /MACHINE:X86 /SAFESEH  /STACK:10000000 /machine:I386 /debug /DLL C:\OSG_SVN\OSG_10297_VS_2008\lib\Debug\OpenThreadsd.lib
         C:\OSG_SVN\OSG_10297_VS_2008\lib\Debug\osgDBd.lib
         C:\OSG_SVN\OSG_10297_VS_2008\lib\Debug\osgd.lib
     1>LINK : fatal error LNK1104: cannot open file 'osgDBd.lib'
         The command exited with code 1104.
       Done executing task "Link" -- FAILED.
     1>Done building target "Link" in project "osgText.vcxproj" -- FAILED.
     1>Done Building Project "C:\Users\Ryan\Source\Repos\GremlinGames\Trunk\Source\Utilities\OSG_SVN\OSG_10297_VS_2008\src\osgText\osgText.vcxproj" (Build target(s)) -- FAILED.

Build FAILED.

Time Elapsed 00:00:00.22
